3/17/2022, 2:29:42 PM - INFO - Server is running on port: 3030
3/17/2022, 2:32:13 PM - INFO - Req!!!
3/17/2022, 2:34:46 PM - INFO - Req!!!
3/17/2022, 2:35:39 PM - INFO - Req!!!
3/17/2022, 2:35:41 PM - INFO - Req!!!
3/17/2022, 2:37:24 PM - INFO - Server is running on port: 3030
3/17/2022, 2:37:27 PM - INFO - Req!!!
3/17/2022, 2:44:05 PM - ERROR - while finding toy gh3r | {}
3/17/2022, 2:44:05 PM - ERROR - Failed to get toy | {}
3/17/2022, 2:44:46 PM - INFO - Server is running on port: 3030
3/17/2022, 2:44:49 PM - ERROR - while finding toy gh3r | {}
3/17/2022, 2:44:49 PM - ERROR - Failed to get toy | {}
3/17/2022, 2:46:18 PM - ERROR - while finding toy gh3r | {}
3/17/2022, 2:46:18 PM - ERROR - Failed to get toy | {}
3/17/2022, 2:55:23 PM - ERROR - while finding toy gh3r | {}
3/17/2022, 2:55:23 PM - ERROR - Failed to get toy | {}
3/17/2022, 2:55:28 PM - INFO - Req!!!
3/17/2022, 2:55:54 PM - INFO - Req!!!
3/17/2022, 2:58:49 PM - ERROR - while finding toy gh3r | {}
3/17/2022, 2:58:49 PM - ERROR - Failed to get toy | {}
3/17/2022, 2:59:04 PM - ERROR - while finding toy gh3r | {}
3/17/2022, 2:59:04 PM - ERROR - Failed to get toy | {}
3/17/2022, 3:10:43 PM - ERROR - while finding toy gh3r | {}
3/17/2022, 3:10:43 PM - ERROR - Failed to get toy | {}
3/17/2022, 3:18:51 PM - INFO - Server is running on port: 3030
3/17/2022, 3:21:32 PM - INFO - Req!!!
3/17/2022, 3:24:05 PM - ERROR - while finding toy gh3r | {}
3/17/2022, 3:24:05 PM - ERROR - Failed to get toy | {}
3/17/2022, 3:24:55 PM - ERROR - while finding toy ObjectId("6233364b709b7a1a312cfd96") | {}
3/17/2022, 3:24:55 PM - ERROR - Failed to get toy | {}
3/17/2022, 3:25:17 PM - INFO - Req!!!
3/17/2022, 3:26:08 PM - INFO - Req!!!
3/17/2022, 3:27:55 PM - INFO - Server is running on port: 3030
3/17/2022, 3:28:08 PM - INFO - Req!!!
3/17/2022, 3:28:15 PM - INFO - Req!!!
3/17/2022, 3:28:38 PM - INFO - Server is running on port: 3030
3/17/2022, 3:29:10 PM - INFO - Server is running on port: 3030
3/17/2022, 3:29:49 PM - INFO - Server is running on port: 3030
3/17/2022, 3:30:17 PM - INFO - Req!!!
3/17/2022, 4:25:02 PM - INFO - Server is running on port: 3030
3/17/2022, 5:17:06 PM - INFO - Server is running on port: 3030
3/17/2022, 5:19:46 PM - INFO - Server is running on port: 3030
3/17/2022, 5:20:30 PM - DEBUG - auth.service - signup with username: user221, fullname: avishay shiva
3/17/2022, 5:20:30 PM - DEBUG - auth.route - new account created: {"username":"user221","password":"$2b$10$e488nRocRmru8DRKnHmv1OhAenTRXKvEiFxeiYPeZBqTQV2FCcaaC","fullname":"avishay shiva","_id":"623351beee6b953cfd91e9a4"}
3/17/2022, 5:20:30 PM - DEBUG - auth.service - login with username: user221
3/17/2022, 5:21:00 PM - DEBUG - auth.service - signup with username: bishbash, fullname: avishay shiva
3/17/2022, 5:21:00 PM - DEBUG - auth.route - new account created: {"username":"bishbash","password":"$2b$10$/fTFjcGBc14tcoQdqMl5YOn5KKtK.QqWQij6ZrhD0R6De3BMEcMeq","fullname":"avishay shiva","_id":"623351dcee6b953cfd91e9a5"}
3/17/2022, 5:21:00 PM - DEBUG - auth.service - login with username: bishbash
3/17/2022, 5:30:38 PM - DEBUG - auth.service - login with username: bishbash
3/17/2022, 5:31:08 PM - INFO - Server is running on port: 3030
3/17/2022, 5:31:12 PM - DEBUG - auth.service - login with username: bishbash
3/17/2022, 5:31:26 PM - INFO - Server is running on port: 3030
3/17/2022, 5:31:27 PM - DEBUG - auth.service - login with username: bishbash
3/17/2022, 5:31:39 PM - INFO - Server is running on port: 3030
3/17/2022, 5:54:07 PM - DEBUG - auth.service - signup with username: bishbash, fullname: avishay shiva
3/17/2022, 5:54:08 PM - DEBUG - auth.route - new account created: {"username":"bishbash","password":"$2b$10$rnadLbWZauhwOnYqO7Tg0OTzowMYGXjL5iNYPlHD2.oB.LlXv.WQW","fullname":"avishay shiva","_id":"623359a0764d164b6794df77"}
3/17/2022, 5:54:08 PM - DEBUG - auth.service - login with username: bishbash
3/17/2022, 5:55:46 PM - WARN - avishay shiva Attempt to perform admin action
3/17/2022, 5:56:41 PM - DEBUG - auth.service - login with username: mama
3/17/2022, 6:00:21 PM - INFO - Server is running on port: 3030
3/17/2022, 6:00:49 PM - INFO - Req!!!
3/17/2022, 6:13:19 PM - INFO - Req!!!
3/17/2022, 6:38:07 PM - DEBUG - auth.service - login with username: mama
3/17/2022, 6:45:15 PM - INFO - Server is running on port: 3030
3/17/2022, 6:45:33 PM - DEBUG - auth.service - login with username: mama
3/17/2022, 6:48:35 PM - INFO - Server is running on port: 3030
3/17/2022, 6:48:43 PM - INFO - Server is running on port: 3030
3/17/2022, 7:13:10 PM - INFO - Server is running on port: 3030
3/17/2022, 7:13:25 PM - INFO - Req!!!
3/17/2022, 7:13:38 PM - INFO - Server is running on port: 3030
3/17/2022, 7:13:41 PM - INFO - Req!!!
3/17/2022, 7:16:34 PM - INFO - Server is running on port: 3030
3/17/2022, 9:04:18 PM - INFO - Server is running on port: 3030
3/18/2022, 3:39:05 PM - INFO - Server is running on port: 3030
3/18/2022, 3:39:41 PM - INFO - Req!!!
3/18/2022, 3:39:49 PM - INFO - Req!!!
3/18/2022, 3:39:52 PM - INFO - Req!!!
3/18/2022, 3:57:18 PM - INFO - Req!!!
3/18/2022, 3:59:08 PM - DEBUG - auth.service - login with username: mama
3/18/2022, 4:13:14 PM - ERROR - while finding user login | {}
3/18/2022, 4:13:14 PM - ERROR - Failed to get user | {}
3/18/2022, 4:13:14 PM - INFO - Req!!!
3/18/2022, 4:13:32 PM - ERROR - while finding user login | {}
3/18/2022, 4:13:32 PM - ERROR - Failed to get user | {}
3/18/2022, 4:13:32 PM - INFO - Req!!!
3/18/2022, 4:14:09 PM - INFO - Req!!!
3/18/2022, 4:14:31 PM - INFO - Req!!!
3/18/2022, 4:15:10 PM - INFO - Req!!!
3/18/2022, 4:16:59 PM - DEBUG - auth.service - login with username: undefined
3/18/2022, 4:16:59 PM - ERROR - Failed to Login Invalid username or password
3/18/2022, 4:16:59 PM - INFO - Req!!!
3/18/2022, 4:17:25 PM - DEBUG - auth.service - login with username: undefined
3/18/2022, 4:17:25 PM - ERROR - Failed to Login Invalid username or password
3/18/2022, 4:17:25 PM - INFO - Req!!!
3/18/2022, 4:20:01 PM - INFO - Req!!!
3/18/2022, 4:20:52 PM - INFO - Req!!!
3/18/2022, 4:21:13 PM - DEBUG - auth.service - login with username: undefined
3/18/2022, 4:21:13 PM - INFO - Req!!!
3/18/2022, 4:21:13 PM - ERROR - Failed to Login Invalid username or password
3/18/2022, 4:21:36 PM - DEBUG - auth.service - login with username: undefined
3/18/2022, 4:21:36 PM - ERROR - Failed to Login Invalid username or password
3/18/2022, 4:21:36 PM - INFO - Req!!!
3/18/2022, 4:22:07 PM - INFO - Server is running on port: 3030
3/18/2022, 4:22:12 PM - ERROR - Failed to Login TypeError: Cannot read properties of undefined (reading 'body')
3/18/2022, 4:22:12 PM - INFO - Req!!!
3/18/2022, 4:25:54 PM - INFO - Server is running on port: 3030
3/18/2022, 4:25:59 PM - ERROR - Failed to Login TypeError: Cannot read properties of undefined (reading 'params')
3/18/2022, 4:25:59 PM - INFO - Req!!!
3/18/2022, 4:26:32 PM - INFO - Server is running on port: 3030
3/18/2022, 4:26:41 PM - DEBUG - auth.service - login with username: undefined
3/18/2022, 4:26:41 PM - INFO - Req!!!
3/18/2022, 4:26:41 PM - ERROR - Failed to Login Invalid username or password
3/18/2022, 4:28:53 PM - INFO - Server is running on port: 3030
3/18/2022, 4:29:02 PM - DEBUG - auth.service - login with username: undefined
3/18/2022, 4:29:02 PM - INFO - Req!!!
3/18/2022, 4:29:02 PM - ERROR - Failed to Login Invalid username or password
3/18/2022, 4:29:42 PM - INFO - Server is running on port: 3030
3/18/2022, 4:29:45 PM - INFO - Req!!!
3/18/2022, 4:29:45 PM - DEBUG - auth.service - login with username: [object Object]
3/18/2022, 4:29:45 PM - ERROR - Failed to Login Invalid username or password
3/18/2022, 4:29:54 PM - INFO - Server is running on port: 3030
3/18/2022, 4:30:10 PM - INFO - Server is running on port: 3030
3/18/2022, 4:30:12 PM - DEBUG - auth.service - login with username: undefined
3/18/2022, 4:30:12 PM - INFO - Req!!!
3/18/2022, 4:30:12 PM - ERROR - Failed to Login Invalid username or password
3/18/2022, 4:35:04 PM - INFO - Server is running on port: 3030
3/18/2022, 4:35:10 PM - ERROR - Failed to Login ReferenceError: username is not defined
3/18/2022, 4:35:10 PM - INFO - Req!!!
3/18/2022, 4:35:30 PM - INFO - Server is running on port: 3030
3/18/2022, 4:35:35 PM - DEBUG - auth.service - login with username: undefined
3/18/2022, 4:35:35 PM - INFO - Req!!!
3/18/2022, 4:35:35 PM - ERROR - Failed to Login Invalid username or password
3/18/2022, 4:36:09 PM - DEBUG - auth.service - login with username: mama
3/18/2022, 4:36:09 PM - INFO - Req!!!
3/18/2022, 4:37:00 PM - DEBUG - auth.service - login with username: mama
3/18/2022, 4:37:00 PM - INFO - Req!!!
3/18/2022, 4:37:11 PM - INFO - Server is running on port: 3030
3/18/2022, 4:40:18 PM - INFO - Req!!!
3/18/2022, 4:41:03 PM - DEBUG - auth.service - login with username: mama
3/18/2022, 4:41:03 PM - INFO - Req!!!
3/18/2022, 4:42:01 PM - INFO - Req!!!
3/18/2022, 4:42:58 PM - INFO - Req!!!
3/18/2022, 4:43:09 PM - DEBUG - auth.service - login with username: mama
3/18/2022, 4:43:09 PM - INFO - Req!!!
3/18/2022, 4:43:28 PM - DEBUG - auth.service - login with username: mama
3/18/2022, 4:43:28 PM - INFO - Req!!!
3/18/2022, 4:43:45 PM - DEBUG - auth.service - login with username: mama
3/18/2022, 4:43:45 PM - INFO - Req!!!
3/18/2022, 4:46:17 PM - INFO - Req!!!
3/18/2022, 4:46:55 PM - DEBUG - auth.service - login with username: mama
3/18/2022, 4:46:55 PM - INFO - Req!!!
3/18/2022, 4:47:26 PM - DEBUG - auth.service - login with username: mama
3/18/2022, 4:47:26 PM - INFO - Req!!!
3/18/2022, 4:47:45 PM - DEBUG - auth.service - login with username: mama
3/18/2022, 4:47:45 PM - INFO - Req!!!
3/18/2022, 4:48:23 PM - DEBUG - auth.service - login with username: mama
3/18/2022, 4:48:23 PM - INFO - Req!!!
3/18/2022, 4:48:39 PM - DEBUG - auth.service - login with username: mama
3/18/2022, 4:48:39 PM - INFO - Req!!!
3/18/2022, 4:49:29 PM - DEBUG - auth.service - login with username: mama
3/18/2022, 4:49:29 PM - INFO - Req!!!
3/18/2022, 5:13:45 PM - INFO - Server is running on port: 3030
3/18/2022, 5:13:50 PM - DEBUG - auth.service - login with username: mama
3/18/2022, 5:17:06 PM - INFO - Server is running on port: 3030
3/18/2022, 5:18:21 PM - DEBUG - auth.service - login with username: mama
3/18/2022, 5:20:39 PM - INFO - Server is running on port: 3030
3/18/2022, 5:20:45 PM - DEBUG - auth.service - login with username: mama
3/18/2022, 5:21:41 PM - INFO - Server is running on port: 3030
3/18/2022, 5:21:44 PM - DEBUG - auth.service - login with username: mama
3/18/2022, 5:22:10 PM - INFO - Server is running on port: 3030
3/18/2022, 5:22:14 PM - DEBUG - auth.service - login with username: mama
3/18/2022, 5:22:23 PM - INFO - Server is running on port: 3030
3/18/2022, 5:22:26 PM - DEBUG - auth.service - login with username: mama
3/18/2022, 5:25:14 PM - DEBUG - auth.service - login with username: mama
3/18/2022, 5:25:14 PM - INFO - Req!!!
3/18/2022, 5:25:31 PM - DEBUG - auth.service - login with username: mama
3/18/2022, 5:25:31 PM - INFO - Req!!!
3/18/2022, 5:25:58 PM - DEBUG - auth.service - login with username: mama
3/18/2022, 5:25:58 PM - INFO - Req!!!
3/18/2022, 5:26:46 PM - DEBUG - auth.service - login with username: mama
3/18/2022, 5:26:46 PM - INFO - Req!!!
3/18/2022, 5:27:17 PM - DEBUG - auth.service - login with username: mama
3/18/2022, 5:27:17 PM - INFO - Req!!!
3/18/2022, 5:27:45 PM - DEBUG - auth.service - login with username: mama
3/18/2022, 5:27:45 PM - INFO - Req!!!
3/18/2022, 5:29:32 PM - DEBUG - auth.service - login with username: mama
3/18/2022, 5:30:52 PM - DEBUG - auth.service - login with username: mama
3/18/2022, 5:30:53 PM - INFO - Req!!!
3/18/2022, 5:31:04 PM - DEBUG - auth.service - login with username: mama
3/18/2022, 5:31:04 PM - INFO - Req!!!
3/18/2022, 5:31:58 PM - INFO - Server is running on port: 3030
3/18/2022, 5:32:00 PM - DEBUG - auth.service - login with username: mama
3/18/2022, 5:32:17 PM - DEBUG - auth.service - login with username: mama
3/18/2022, 5:32:17 PM - INFO - Req!!!
3/18/2022, 5:32:29 PM - DEBUG - auth.service - login with username: mama
3/18/2022, 5:32:29 PM - INFO - Req!!!
3/18/2022, 5:33:03 PM - DEBUG - auth.service - login with username: mama
3/18/2022, 5:33:34 PM - DEBUG - auth.service - login with username: mama
3/18/2022, 5:33:34 PM - INFO - Req!!!
3/18/2022, 5:35:25 PM - INFO - Server is running on port: 3030
3/18/2022, 5:35:35 PM - DEBUG - auth.service - login with username: mama
3/18/2022, 5:35:35 PM - INFO - Req!!!
3/18/2022, 5:36:23 PM - INFO - Server is running on port: 3030
3/18/2022, 5:36:32 PM - INFO - Req!!!
3/18/2022, 5:36:32 PM - DEBUG - auth.service - login with username: mama
3/18/2022, 5:37:06 PM - INFO - Server is running on port: 3030
3/18/2022, 5:37:12 PM - DEBUG - auth.service - login with username: mama
3/18/2022, 5:37:12 PM - INFO - Req!!!
3/18/2022, 5:37:24 PM - DEBUG - auth.service - login with username: mama
3/18/2022, 5:38:34 PM - DEBUG - auth.service - login with username: mama
3/18/2022, 5:38:40 PM - DEBUG - auth.service - login with username: mama
3/18/2022, 5:38:40 PM - INFO - Req!!!
3/18/2022, 5:39:18 PM - DEBUG - auth.service - login with username: mama
3/18/2022, 5:39:18 PM - INFO - Req!!!
3/18/2022, 5:39:29 PM - DEBUG - auth.service - login with username: mama
3/18/2022, 5:39:29 PM - INFO - Req!!!
3/18/2022, 5:40:04 PM - DEBUG - auth.service - login with username: mama
3/18/2022, 5:40:04 PM - INFO - Req!!!
3/18/2022, 5:42:47 PM - DEBUG - auth.service - login with username: mama
3/18/2022, 5:43:43 PM - DEBUG - auth.service - login with username: undefined
3/18/2022, 5:43:43 PM - ERROR - Failed to Login Invalid username or password
3/18/2022, 5:43:43 PM - INFO - Req!!!
3/18/2022, 6:22:14 PM - INFO - Server is running on port: 3030
3/18/2022, 6:23:52 PM - DEBUG - auth.service - login with username: undefined
3/18/2022, 6:23:52 PM - INFO - Req!!!
3/18/2022, 6:23:52 PM - ERROR - Failed to Login Invalid username or password
3/18/2022, 6:24:22 PM - DEBUG - auth.service - login with username: mama
3/18/2022, 6:24:22 PM - INFO - Req!!!
3/18/2022, 6:27:36 PM - DEBUG - auth.service - login with username: mama
3/18/2022, 6:27:52 PM - DEBUG - auth.service - login with username: mama
3/18/2022, 6:27:52 PM - INFO - Req!!!
3/18/2022, 6:28:14 PM - DEBUG - auth.service - login with username: mama
3/18/2022, 6:28:14 PM - INFO - Req!!!
3/18/2022, 6:28:24 PM - INFO - Server is running on port: 3030
3/18/2022, 6:28:26 PM - DEBUG - auth.service - login with username: mama
3/18/2022, 6:28:26 PM - INFO - Req!!!
3/18/2022, 6:30:35 PM - INFO - Server is running on port: 3030
3/18/2022, 6:30:39 PM - DEBUG - auth.service - login with username: mama
3/18/2022, 6:31:22 PM - INFO - Server is running on port: 3030
3/18/2022, 6:31:24 PM - INFO - Req!!!
3/18/2022, 6:31:24 PM - DEBUG - auth.service - login with username: mama
3/18/2022, 6:32:13 PM - INFO - Server is running on port: 3030
3/18/2022, 6:32:19 PM - INFO - Server is running on port: 3030
3/18/2022, 6:32:24 PM - DEBUG - auth.service - login with username: mama
3/18/2022, 6:32:31 PM - INFO - Server is running on port: 3030
3/18/2022, 6:32:33 PM - DEBUG - auth.service - login with username: mama
3/18/2022, 6:32:33 PM - INFO - Req!!!
3/18/2022, 6:35:01 PM - INFO - Server is running on port: 3030
3/18/2022, 6:35:50 PM - DEBUG - auth.service - login with username: mama
3/18/2022, 6:36:03 PM - DEBUG - auth.service - login with username: mama
3/18/2022, 6:36:10 PM - INFO - Server is running on port: 3030
3/18/2022, 6:36:11 PM - DEBUG - auth.service - login with username: mama
3/18/2022, 6:36:11 PM - INFO - Req!!!
3/18/2022, 6:36:25 PM - INFO - Server is running on port: 3030
3/18/2022, 6:36:28 PM - DEBUG - auth.service - login with username: mama
3/18/2022, 6:41:00 PM - INFO - Server is running on port: 3030
3/20/2022, 3:16:45 PM - INFO - Server is running on port: 3030
3/20/2022, 3:16:49 PM - DEBUG - auth.service - login with username: mama
3/20/2022, 3:16:49 PM - INFO - Req!!!
3/20/2022, 3:17:19 PM - DEBUG - auth.service - login with username: mama
3/20/2022, 3:17:20 PM - INFO - Req!!!
3/20/2022, 3:22:28 PM - INFO - Server is running on port: 3030
3/20/2022, 3:33:53 PM - DEBUG - auth.service - login with username: mama
3/20/2022, 3:33:53 PM - INFO - Req!!!
3/20/2022, 3:34:27 PM - DEBUG - auth.service - login with username: mama
3/20/2022, 3:34:27 PM - INFO - Req!!!
3/20/2022, 3:34:50 PM - DEBUG - auth.service - login with username: mama
3/20/2022, 3:37:02 PM - INFO - Server is running on port: 3030
3/20/2022, 3:37:22 PM - INFO - Server is running on port: 3030
3/20/2022, 3:37:25 PM - DEBUG - auth.service - login with username: mama
3/20/2022, 3:37:25 PM - INFO - Req!!!
3/20/2022, 3:38:35 PM - DEBUG - auth.service - login with username: mama
3/20/2022, 3:38:35 PM - INFO - Req!!!
3/20/2022, 3:39:02 PM - INFO - Server is running on port: 3030
3/20/2022, 3:39:06 PM - DEBUG - auth.service - login with username: mama
3/20/2022, 3:39:06 PM - INFO - Req!!!
3/20/2022, 3:46:50 PM - DEBUG - auth.service - login with username: mama
3/20/2022, 3:47:18 PM - DEBUG - auth.service - login with username: mama
3/20/2022, 3:47:18 PM - INFO - Req!!!
3/20/2022, 3:50:11 PM - DEBUG - auth.service - login with username: mama
3/20/2022, 3:50:11 PM - INFO - Req!!!
3/20/2022, 3:50:25 PM - DEBUG - auth.service - login with username: mama
3/20/2022, 3:50:25 PM - INFO - Req!!!
3/20/2022, 3:56:31 PM - INFO - Server is running on port: 3030
3/20/2022, 3:58:23 PM - DEBUG - auth.service - login with username: mama
3/20/2022, 3:58:23 PM - INFO - Req!!!
3/20/2022, 3:59:59 PM - DEBUG - auth.service - login with username: mama
3/20/2022, 3:59:59 PM - INFO - Req!!!
3/20/2022, 4:00:11 PM - DEBUG - auth.service - login with username: mama
3/20/2022, 4:00:11 PM - INFO - Req!!!
3/20/2022, 4:00:22 PM - DEBUG - auth.service - login with username: mama
3/20/2022, 4:00:22 PM - INFO - Req!!!
3/20/2022, 4:00:33 PM - DEBUG - auth.service - login with username: mama
3/20/2022, 4:00:33 PM - INFO - Req!!!
3/20/2022, 4:02:38 PM - DEBUG - auth.service - login with username: mama
3/20/2022, 4:02:38 PM - INFO - Req!!!
3/20/2022, 4:03:21 PM - DEBUG - auth.service - login with username: mama
3/20/2022, 4:03:21 PM - INFO - Req!!!
3/20/2022, 4:05:19 PM - DEBUG - auth.service - login with username: mama
3/20/2022, 4:05:19 PM - INFO - Req!!!
3/20/2022, 4:07:20 PM - DEBUG - auth.service - login with username: mama
3/20/2022, 4:07:20 PM - INFO - Req!!!
3/20/2022, 4:10:41 PM - DEBUG - auth.service - login with username: mama
3/20/2022, 4:10:41 PM - INFO - Req!!!
3/20/2022, 4:10:46 PM - DEBUG - auth.service - login with username: mama
3/20/2022, 4:10:46 PM - INFO - Req!!!
3/20/2022, 4:11:03 PM - DEBUG - auth.service - login with username: mama
3/20/2022, 4:11:03 PM - INFO - Req!!!
3/20/2022, 4:11:08 PM - DEBUG - auth.service - login with username: mama
3/20/2022, 4:11:08 PM - INFO - Req!!!
3/20/2022, 4:13:38 PM - DEBUG - auth.service - login with username: mama
3/20/2022, 4:13:38 PM - INFO - Req!!!
3/20/2022, 4:13:49 PM - DEBUG - auth.service - login with username: mama
3/20/2022, 4:13:49 PM - INFO - Req!!!
3/20/2022, 4:15:16 PM - DEBUG - auth.service - login with username: mama
3/20/2022, 4:15:16 PM - INFO - Req!!!
3/20/2022, 4:15:21 PM - DEBUG - auth.service - login with username: mama
3/20/2022, 4:15:21 PM - INFO - Req!!!
3/20/2022, 4:15:31 PM - DEBUG - auth.service - login with username: mama
3/20/2022, 4:15:31 PM - INFO - Req!!!
3/20/2022, 4:15:35 PM - DEBUG - auth.service - login with username: mama
3/20/2022, 4:15:35 PM - INFO - Req!!!
3/20/2022, 4:17:42 PM - DEBUG - auth.service - login with username: mama
3/20/2022, 4:17:42 PM - INFO - Req!!!
3/20/2022, 4:17:48 PM - DEBUG - auth.service - login with username: mama
3/20/2022, 4:17:48 PM - INFO - Req!!!
3/20/2022, 4:17:58 PM - DEBUG - auth.service - login with username: mama
3/20/2022, 4:17:58 PM - INFO - Req!!!
3/20/2022, 4:18:06 PM - DEBUG - auth.service - login with username: mama
3/20/2022, 4:18:06 PM - INFO - Req!!!
3/20/2022, 4:20:03 PM - INFO - Req!!!
3/20/2022, 4:21:28 PM - DEBUG - auth.service - login with username: mama
3/20/2022, 4:21:28 PM - INFO - Req!!!
3/20/2022, 4:24:40 PM - DEBUG - auth.service - login with username: mama
3/20/2022, 4:24:40 PM - INFO - Req!!!
3/20/2022, 4:24:56 PM - DEBUG - auth.service - login with username: mama
3/20/2022, 4:24:56 PM - INFO - Req!!!
3/20/2022, 4:25:19 PM - DEBUG - auth.service - login with username: mama
3/20/2022, 4:25:19 PM - INFO - Req!!!
3/20/2022, 4:25:28 PM - DEBUG - auth.service - login with username: mama
3/20/2022, 4:25:28 PM - INFO - Req!!!
3/20/2022, 4:25:40 PM - DEBUG - auth.service - login with username: mama
3/20/2022, 4:25:40 PM - INFO - Req!!!
3/20/2022, 4:28:39 PM - INFO - Server is running on port: 3030
3/20/2022, 5:56:10 PM - INFO - Server is running on port: 3030
3/20/2022, 6:00:19 PM - INFO - Req!!!
3/20/2022, 6:01:34 PM - INFO - Server is running on port: 3030
3/20/2022, 6:01:36 PM - INFO - Req!!!
3/20/2022, 6:02:11 PM - INFO - Server is running on port: 3030
3/20/2022, 6:02:15 PM - INFO - Req!!!
3/20/2022, 6:03:44 PM - INFO - Server is running on port: 3030
3/20/2022, 6:03:47 PM - INFO - Req!!!
3/20/2022, 6:07:27 PM - INFO - Server is running on port: 3030
3/20/2022, 6:07:31 PM - INFO - Req!!!
3/20/2022, 6:09:06 PM - INFO - Req!!!
3/20/2022, 6:10:30 PM - INFO - Server is running on port: 3030
3/20/2022, 6:10:59 PM - INFO - Server is running on port: 3030
3/20/2022, 6:11:07 PM - INFO - Server is running on port: 3030
3/20/2022, 6:11:09 PM - INFO - Req!!!
3/20/2022, 6:11:21 PM - INFO - Req!!!
3/20/2022, 6:12:21 PM - INFO - Server is running on port: 3030
3/20/2022, 6:12:23 PM - INFO - Req!!!
3/20/2022, 6:14:20 PM - INFO - Req!!!
3/20/2022, 6:15:46 PM - INFO - Server is running on port: 3030
3/20/2022, 6:21:39 PM - INFO - Req!!!
3/20/2022, 6:21:39 PM - ERROR - Failed to add review | {}
3/20/2022, 6:22:43 PM - INFO - Server is running on port: 3030
3/20/2022, 6:22:47 PM - INFO - Req!!!
3/20/2022, 6:22:47 PM - ERROR - Failed to add review | {}
3/20/2022, 6:23:10 PM - DEBUG - auth.service - signup with username: bishbash, fullname: avishay shiva
3/20/2022, 6:23:10 PM - DEBUG - auth.route - new account created: {"username":"bishbash","password":"$2b$10$obFKatX6KlbKl3xqcfhSmuuYC50ub5FOaXxfdlJXTf.aX1ixWpIkC","fullname":"avishay shiva","_id":"623754ee9ca87395efdb8b35"}
3/20/2022, 6:23:10 PM - DEBUG - auth.service - login with username: bishbash
3/20/2022, 6:23:16 PM - INFO - Req!!!
3/20/2022, 6:23:16 PM - INFO - Req from user, named: avishay shiva
3/20/2022, 6:23:16 PM - DEBUG - Emiting to user socket: 6233464a29cd58acb81e8040
3/20/2022, 6:23:34 PM - INFO - Server is running on port: 3030
3/20/2022, 6:26:20 PM - INFO - Req!!!
3/20/2022, 6:26:20 PM - ERROR - Failed to add review | {}
3/20/2022, 6:26:27 PM - DEBUG - auth.service - signup with username: bishbash, fullname: avishay shiva
3/20/2022, 6:26:27 PM - DEBUG - auth.route - new account created: {"username":"bishbash","password":"$2b$10$rEeqa9RxF2YmGKuZI1DV7.JNrTHNIK0TG34IgMPDa37kHzMR97Ceq","fullname":"avishay shiva","_id":"623755b3f03da2ba45cc2fbf"}
3/20/2022, 6:26:27 PM - DEBUG - auth.service - login with username: bishbash
3/20/2022, 6:26:34 PM - INFO - Req!!!
3/20/2022, 6:26:34 PM - INFO - Req from user, named: avishay shiva
3/20/2022, 6:26:34 PM - DEBUG - Emiting to user socket: 6233464a29cd58acb81e8040
3/20/2022, 6:27:06 PM - ERROR - Failed to delete review | {}
3/20/2022, 6:30:26 PM - DEBUG - auth.service - login with username: mama
3/20/2022, 6:30:35 PM - ERROR - Failed to delete review | {}
3/20/2022, 6:34:44 PM - INFO - Server is running on port: 3030
3/20/2022, 6:34:47 PM - ERROR - Failed to delete review | {}
3/20/2022, 6:34:55 PM - DEBUG - auth.service - login with username: mama
3/20/2022, 6:34:57 PM - ERROR - Failed to delete review | {}
3/20/2022, 6:35:13 PM - INFO - Server is running on port: 3030
3/20/2022, 6:35:52 PM - INFO - Server is running on port: 3030
3/20/2022, 6:35:54 PM - ERROR - Failed to delete review | {}
3/20/2022, 6:36:14 PM - INFO - Server is running on port: 3030
3/20/2022, 6:36:15 PM - ERROR - Failed to delete review | {}
3/20/2022, 6:37:53 PM - INFO - Server is running on port: 3030
3/20/2022, 6:38:24 PM - INFO - Server is running on port: 3030
3/20/2022, 6:38:27 PM - ERROR - Failed to delete review | {}
3/20/2022, 6:38:36 PM - DEBUG - auth.service - login with username: mama
3/20/2022, 6:38:39 PM - ERROR - Failed to delete review | {}
3/20/2022, 6:38:57 PM - INFO - Server is running on port: 3030
3/20/2022, 6:38:58 PM - ERROR - Failed to delete review | {}
3/20/2022, 6:41:23 PM - INFO - Server is running on port: 3030
3/20/2022, 6:41:58 PM - INFO - Server is running on port: 3030
3/20/2022, 6:42:18 PM - INFO - Server is running on port: 3030
3/20/2022, 6:42:20 PM - ERROR - Failed to delete review | {}
3/20/2022, 6:42:27 PM - DEBUG - auth.service - login with username: mama
3/20/2022, 6:42:31 PM - ERROR - Failed to delete review | {}
3/20/2022, 6:45:36 PM - INFO - Server is running on port: 3030
3/20/2022, 6:46:26 PM - INFO - Server is running on port: 3030
3/20/2022, 6:48:40 PM - DEBUG - auth.service - login with username: mama
3/20/2022, 6:48:40 PM - INFO - Req!!!
3/20/2022, 7:10:03 PM - DEBUG - auth.service - login with username: mama
3/20/2022, 7:10:03 PM - INFO - Req!!!
3/20/2022, 7:14:44 PM - DEBUG - auth.service - login with username: mama
3/20/2022, 7:14:44 PM - INFO - Req!!!
3/20/2022, 7:31:18 PM - DEBUG - auth.service - login with username: mama
3/20/2022, 7:31:18 PM - INFO - Req!!!
3/20/2022, 7:38:17 PM - INFO - Server is running on port: 3030
3/20/2022, 7:39:02 PM - INFO - Server is running on port: 3030
3/20/2022, 7:39:25 PM - INFO - Server is running on port: 3030
3/20/2022, 7:49:28 PM - DEBUG - auth.service - login with username: mama
3/20/2022, 7:49:28 PM - INFO - Req!!!
3/20/2022, 7:49:30 PM - ERROR - Failed to Login Invalid username or password
3/20/2022, 10:24:59 PM - INFO - Server is running on port: 3030
3/21/2022, 2:15:30 PM - INFO - Server is running on port: 3030
3/21/2022, 2:15:40 PM - DEBUG - auth.service - login with username: mama
3/21/2022, 2:15:40 PM - INFO - Req!!!
3/21/2022, 2:15:41 PM - ERROR - Failed to Login Invalid username or password
3/21/2022, 2:16:26 PM - DEBUG - auth.service - login with username: mama
3/21/2022, 2:16:26 PM - INFO - Req!!!
3/21/2022, 2:16:26 PM - ERROR - Failed to Login Invalid username or password
3/21/2022, 2:17:23 PM - DEBUG - auth.service - login with username: mama
3/21/2022, 2:17:23 PM - INFO - Req!!!
3/21/2022, 2:17:23 PM - ERROR - Failed to Login Invalid username or password
3/21/2022, 2:19:57 PM - DEBUG - auth.service - login with username: mama
3/21/2022, 2:19:57 PM - INFO - Req!!!
3/21/2022, 2:19:57 PM - ERROR - Failed to Login Invalid username or password
3/21/2022, 2:20:54 PM - DEBUG - auth.service - login with username: mama
3/21/2022, 2:20:54 PM - INFO - Req!!!
3/21/2022, 2:20:54 PM - ERROR - Failed to Login Invalid username or password
3/21/2022, 2:25:26 PM - INFO - Server is running on port: 3030
3/21/2022, 2:25:43 PM - DEBUG - auth.service - login with username: mama
3/21/2022, 2:25:43 PM - INFO - Req!!!
3/21/2022, 2:45:58 PM - DEBUG - auth.service - login with username: mama
3/21/2022, 2:45:58 PM - INFO - Req!!!
3/21/2022, 2:55:53 PM - INFO - Server is running on port: 3030
3/21/2022, 3:04:14 PM - INFO - Server is running on port: 3030
3/21/2022, 3:06:25 PM - INFO - Req!!!
3/21/2022, 3:08:03 PM - DEBUG - auth.service - login with username: mama
3/21/2022, 3:08:03 PM - INFO - Req!!!
3/21/2022, 3:12:58 PM - INFO - Server is running on port: 3030
3/21/2022, 3:17:59 PM - INFO - Req!!!
3/21/2022, 3:18:00 PM - DEBUG - auth.service - login with username: mama
3/21/2022, 3:20:04 PM - DEBUG - auth.service - login with username: mama
3/21/2022, 3:20:04 PM - INFO - Req!!!
3/21/2022, 3:20:14 PM - DEBUG - auth.service - login with username: mama
3/21/2022, 3:20:14 PM - INFO - Req!!!
3/21/2022, 3:23:07 PM - INFO - Req!!!
3/21/2022, 3:23:07 PM - INFO - Req from user, named: Mama Di
3/21/2022, 3:23:30 PM - INFO - Req!!!
3/21/2022, 3:23:30 PM - INFO - Req from user, named: Mama Di
3/21/2022, 3:23:54 PM - INFO - Req!!!
3/21/2022, 3:23:54 PM - INFO - Req from user, named: Mama Di
3/21/2022, 3:23:58 PM - INFO - Req!!!
3/21/2022, 3:23:58 PM - INFO - Req from user, named: Mama Di
3/21/2022, 3:24:15 PM - INFO - Req!!!
3/21/2022, 3:24:15 PM - INFO - Req from user, named: Mama Di
3/21/2022, 3:25:06 PM - INFO - Req!!!
3/21/2022, 3:25:06 PM - INFO - Req from user, named: Mama Di
3/21/2022, 3:25:11 PM - INFO - Req!!!
3/21/2022, 3:25:11 PM - INFO - Req from user, named: Mama Di
3/21/2022, 3:25:26 PM - INFO - Req!!!
3/21/2022, 3:25:26 PM - INFO - Req from user, named: Mama Di
3/21/2022, 3:26:06 PM - INFO - Req!!!
3/21/2022, 3:26:06 PM - INFO - Req from user, named: Mama Di
3/21/2022, 3:55:22 PM - INFO - Server is running on port: 3030
3/21/2022, 3:56:18 PM - INFO - Server is running on port: 3030
3/21/2022, 3:56:25 PM - INFO - Req!!!
3/21/2022, 3:56:25 PM - DEBUG - auth.service - login with username: mama
3/21/2022, 4:07:02 PM - DEBUG - auth.service - login with username: mama
3/21/2022, 4:07:02 PM - INFO - Req!!!
3/21/2022, 4:07:39 PM - DEBUG - auth.service - login with username: mama
3/21/2022, 4:07:39 PM - INFO - Req!!!
3/21/2022, 4:07:54 PM - DEBUG - auth.service - login with username: mama
3/21/2022, 4:07:54 PM - INFO - Req!!!
3/21/2022, 4:08:22 PM - DEBUG - auth.service - login with username: mama
3/21/2022, 4:08:22 PM - INFO - Req!!!
3/21/2022, 4:09:10 PM - DEBUG - auth.service - login with username: mama
3/21/2022, 4:09:10 PM - INFO - Req!!!
3/21/2022, 4:09:14 PM - DEBUG - auth.service - login with username: mama
3/21/2022, 4:09:14 PM - INFO - Req!!!
3/21/2022, 4:10:39 PM - DEBUG - auth.service - login with username: mama
3/21/2022, 4:10:39 PM - INFO - Req!!!
3/21/2022, 4:11:44 PM - DEBUG - auth.service - login with username: mama
3/21/2022, 4:11:44 PM - INFO - Req!!!
3/21/2022, 4:12:38 PM - DEBUG - auth.service - login with username: mama
3/21/2022, 4:12:38 PM - INFO - Req!!!
3/21/2022, 4:13:53 PM - INFO - Server is running on port: 3030
3/21/2022, 4:14:04 PM - INFO - Req!!!
3/21/2022, 4:14:04 PM - DEBUG - auth.service - login with username: mama
3/21/2022, 4:14:10 PM - DEBUG - auth.service - login with username: mama
3/21/2022, 4:14:10 PM - INFO - Req!!!
3/21/2022, 4:17:26 PM - INFO - Server is running on port: 3030
3/21/2022, 4:19:14 PM - DEBUG - auth.service - login with username: mama
3/21/2022, 4:19:14 PM - INFO - Req!!!
3/21/2022, 4:20:32 PM - DEBUG - auth.service - login with username: mama
3/21/2022, 4:20:32 PM - INFO - Req!!!
3/21/2022, 4:20:35 PM - DEBUG - auth.service - login with username: mama
3/21/2022, 4:20:35 PM - INFO - Req!!!
3/21/2022, 4:25:24 PM - DEBUG - auth.service - login with username: mama
3/21/2022, 4:25:24 PM - INFO - Req!!!
3/21/2022, 4:29:04 PM - DEBUG - auth.service - login with username: mama
3/21/2022, 4:29:04 PM - INFO - Req!!!
3/21/2022, 4:29:13 PM - DEBUG - auth.service - login with username: mama
3/21/2022, 4:29:13 PM - INFO - Req!!!
3/21/2022, 4:29:34 PM - DEBUG - auth.service - login with username: mama
3/21/2022, 4:29:34 PM - INFO - Req!!!
3/21/2022, 4:31:49 PM - DEBUG - auth.service - login with username: mama
3/21/2022, 4:31:49 PM - INFO - Req!!!
3/21/2022, 4:40:12 PM - INFO - Server is running on port: 3030
3/21/2022, 4:40:21 PM - DEBUG - auth.service - login with username: mama
3/21/2022, 4:40:21 PM - INFO - Req!!!
3/21/2022, 4:42:00 PM - INFO - Server is running on port: 3030
3/21/2022, 4:42:05 PM - INFO - Req!!!
3/21/2022, 4:42:05 PM - DEBUG - auth.service - login with username: mama
3/21/2022, 4:43:39 PM - INFO - Server is running on port: 3030
3/21/2022, 4:43:52 PM - INFO - Req!!!
3/21/2022, 4:43:52 PM - DEBUG - auth.service - login with username: mama
3/21/2022, 4:44:34 PM - DEBUG - auth.service - login with username: mama
3/21/2022, 4:44:34 PM - INFO - Req!!!
3/21/2022, 4:46:38 PM - DEBUG - auth.service - login with username: mama
3/21/2022, 4:46:38 PM - INFO - Req!!!
3/21/2022, 4:47:33 PM - DEBUG - auth.service - login with username: mama
3/21/2022, 4:47:33 PM - INFO - Req!!!
3/21/2022, 4:47:46 PM - DEBUG - auth.service - login with username: mama
3/21/2022, 4:47:46 PM - INFO - Req!!!
3/21/2022, 4:47:55 PM - DEBUG - auth.service - login with username: mama
3/21/2022, 4:47:55 PM - INFO - Req!!!
3/21/2022, 4:48:27 PM - DEBUG - auth.service - login with username: mama
3/21/2022, 4:48:27 PM - INFO - Req!!!
3/21/2022, 4:51:07 PM - DEBUG - auth.service - login with username: mama
3/21/2022, 4:51:07 PM - INFO - Req!!!
3/21/2022, 4:51:42 PM - DEBUG - auth.service - login with username: mama
3/21/2022, 4:51:42 PM - INFO - Req!!!
3/21/2022, 4:51:48 PM - DEBUG - auth.service - login with username: mama
3/21/2022, 4:51:48 PM - INFO - Req!!!
3/21/2022, 4:53:59 PM - DEBUG - auth.service - login with username: mama
3/21/2022, 4:53:59 PM - INFO - Req!!!
3/21/2022, 4:54:28 PM - DEBUG - auth.service - login with username: mama
3/21/2022, 4:54:28 PM - INFO - Req!!!
3/21/2022, 4:54:52 PM - DEBUG - auth.service - login with username: mama
3/21/2022, 4:54:52 PM - INFO - Req!!!
3/21/2022, 4:55:52 PM - DEBUG - auth.service - login with username: mama
3/21/2022, 4:55:52 PM - INFO - Req!!!
3/21/2022, 4:58:06 PM - DEBUG - auth.service - login with username: mama
3/21/2022, 4:58:06 PM - INFO - Req!!!
3/21/2022, 5:00:36 PM - DEBUG - auth.service - login with username: mama
3/21/2022, 5:00:36 PM - INFO - Req!!!
3/21/2022, 5:04:54 PM - DEBUG - auth.service - login with username: mama
3/21/2022, 5:04:54 PM - INFO - Req!!!
3/21/2022, 5:12:39 PM - DEBUG - auth.service - login with username: mama
3/21/2022, 5:12:39 PM - INFO - Req!!!
3/21/2022, 5:46:22 PM - DEBUG - auth.service - login with username: mama
3/21/2022, 5:46:22 PM - INFO - Req!!!
3/21/2022, 5:51:47 PM - INFO - Server is running on port: 3030
3/21/2022, 5:52:14 PM - INFO - Req!!!
3/21/2022, 5:52:14 PM - DEBUG - auth.service - login with username: mama
3/21/2022, 6:12:34 PM - DEBUG - auth.service - login with username: mama
3/21/2022, 6:12:34 PM - INFO - Req!!!
3/21/2022, 6:14:02 PM - DEBUG - auth.service - login with username: mama
3/21/2022, 6:14:02 PM - INFO - Req!!!
3/21/2022, 6:14:15 PM - DEBUG - auth.service - login with username: mama
3/21/2022, 6:14:15 PM - INFO - Req!!!
3/21/2022, 6:14:18 PM - DEBUG - auth.service - login with username: mama
3/21/2022, 6:14:18 PM - INFO - Req!!!
3/21/2022, 6:26:25 PM - DEBUG - auth.service - login with username: mama
3/21/2022, 6:26:25 PM - INFO - Req!!!
3/21/2022, 6:26:58 PM - DEBUG - auth.service - login with username: mama
3/21/2022, 6:26:58 PM - INFO - Req!!!
3/21/2022, 6:27:08 PM - DEBUG - auth.service - login with username: mama
3/21/2022, 6:27:08 PM - INFO - Req!!!
3/21/2022, 6:28:35 PM - DEBUG - auth.service - login with username: mama
3/21/2022, 6:28:35 PM - INFO - Req!!!
3/21/2022, 6:36:57 PM - INFO - Server is running on port: 3030
3/21/2022, 6:38:25 PM - INFO - Server is running on port: 3030
3/21/2022, 6:45:02 PM - INFO - Req!!!
3/21/2022, 6:45:02 PM - DEBUG - auth.service - login with username: mama
3/21/2022, 6:47:21 PM - DEBUG - auth.service - login with username: mama
3/21/2022, 6:47:21 PM - INFO - Req!!!
3/21/2022, 6:47:46 PM - DEBUG - auth.service - login with username: mama
3/21/2022, 6:47:46 PM - INFO - Req!!!
3/21/2022, 6:48:42 PM - DEBUG - auth.service - login with username: mama
3/21/2022, 6:48:42 PM - INFO - Req!!!
3/21/2022, 6:50:53 PM - DEBUG - auth.service - login with username: mama
3/21/2022, 6:50:53 PM - INFO - Req!!!
3/21/2022, 6:53:43 PM - DEBUG - auth.service - login with username: mama
3/21/2022, 6:53:43 PM - INFO - Req!!!
3/21/2022, 6:55:43 PM - DEBUG - auth.service - login with username: mama
3/21/2022, 6:55:43 PM - INFO - Req!!!
3/21/2022, 6:58:03 PM - DEBUG - auth.service - login with username: mama
3/21/2022, 6:58:03 PM - INFO - Req!!!
3/21/2022, 6:59:07 PM - DEBUG - auth.service - login with username: mama
3/21/2022, 6:59:07 PM - INFO - Req!!!
3/21/2022, 7:00:07 PM - DEBUG - auth.service - login with username: mama
3/21/2022, 7:00:07 PM - INFO - Req!!!
3/21/2022, 7:48:49 PM - INFO - Server is running on port: 3030
3/21/2022, 7:49:31 PM - DEBUG - auth.service - login with username: mama
3/21/2022, 7:49:31 PM - INFO - Req!!!
3/21/2022, 7:49:34 PM - DEBUG - auth.service - login with username: mama
3/21/2022, 7:49:34 PM - INFO - Req!!!
3/21/2022, 7:51:05 PM - INFO - Server is running on port: 3030
3/21/2022, 7:51:30 PM - INFO - Server is running on port: 3030
3/21/2022, 7:52:07 PM - INFO - Server is running on port: 3030
3/21/2022, 7:52:07 PM - INFO - Req!!!
3/21/2022, 7:52:07 PM - DEBUG - auth.service - login with username: mama
3/21/2022, 7:52:09 PM - DEBUG - auth.service - login with username: mama
3/21/2022, 7:52:09 PM - INFO - Req!!!
3/21/2022, 7:52:22 PM - INFO - Server is running on port: 3030
3/21/2022, 7:52:22 PM - INFO - Req!!!
3/21/2022, 7:52:22 PM - DEBUG - auth.service - login with username: mama
3/21/2022, 7:52:34 PM - INFO - Server is running on port: 3030
3/21/2022, 7:52:35 PM - INFO - Req!!!
3/21/2022, 7:52:35 PM - DEBUG - auth.service - login with username: mama
3/21/2022, 7:52:36 PM - DEBUG - auth.service - login with username: mama
3/21/2022, 7:52:36 PM - INFO - Req!!!
3/21/2022, 7:55:42 PM - INFO - Server is running on port: 3030
3/21/2022, 7:55:45 PM - INFO - Server is running on port: 3030
3/21/2022, 8:10:01 PM - INFO - Server is running on port: 3030
3/28/2022, 1:08:57 PM - INFO - Server is running on port: 3030
3/28/2022, 1:09:01 PM - INFO - Req!!!
3/28/2022, 1:09:21 PM - INFO - Req!!!
3/29/2022, 2:19:54 AM - INFO - Server is running on port: 3030
3/29/2022, 2:22:06 AM - INFO - Server is running on port: 3030
3/29/2022, 2:22:23 AM - INFO - Req!!!
3/29/2022, 2:27:49 AM - INFO - Server is running on port: 3030
3/29/2022, 2:28:04 AM - INFO - Server is running on port: 3030
3/29/2022, 2:28:16 AM - INFO - Server is running on port: 3030
3/29/2022, 2:28:24 AM - INFO - Server is running on port: 3030
3/29/2022, 2:28:30 AM - INFO - Server is running on port: 3030
3/29/2022, 2:28:43 AM - INFO - Server is running on port: 3030
3/29/2022, 2:29:32 AM - INFO - Server is running on port: 3030
3/29/2022, 2:30:02 AM - INFO - Server is running on port: 3030
3/29/2022, 2:30:45 AM - INFO - Server is running on port: 3030
3/29/2022, 2:31:04 AM - INFO - Server is running on port: 3030
3/29/2022, 2:32:55 AM - INFO - Server is running on port: 3030
3/29/2022, 2:37:52 AM - INFO - Server is running on port: 3030
3/29/2022, 2:38:15 AM - INFO - Server is running on port: 3030
3/29/2022, 2:50:26 AM - INFO - Server is running on port: 3030
3/29/2022, 3:02:02 AM - INFO - Server is running on port: 3030
3/29/2022, 12:41:47 PM - INFO - Server is running on port: 3030
3/29/2022, 12:43:29 PM - INFO - Server is running on port: 3030
3/29/2022, 12:43:38 PM - INFO - Req!!!
3/29/2022, 12:43:54 PM - INFO - Server is running on port: 3030
3/29/2022, 12:53:41 PM - INFO - Req!!!
3/29/2022, 1:01:16 PM - INFO - Server is running on port: 3030
3/29/2022, 1:03:04 PM - INFO - Server is running on port: 3030
3/29/2022, 1:06:43 PM - INFO - Server is running on port: 3030
3/29/2022, 1:07:27 PM - INFO - Server is running on port: 3030
3/29/2022, 1:07:50 PM - INFO - Server is running on port: 3030
3/29/2022, 1:15:32 PM - INFO - Server is running on port: 3030
3/29/2022, 1:22:37 PM - INFO - Server is running on port: 3030
3/29/2022, 1:25:02 PM - INFO - Server is running on port: 3030
3/29/2022, 1:26:54 PM - INFO - Server is running on port: 3030
3/29/2022, 1:31:37 PM - INFO - Server is running on port: 3030
3/29/2022, 1:31:39 PM - INFO - Server is running on port: 3030
3/29/2022, 1:35:48 PM - INFO - Server is running on port: 3030
3/29/2022, 1:36:08 PM - INFO - Server is running on port: 3030
3/29/2022, 1:48:55 PM - INFO - Server is running on port: 3030
3/29/2022, 2:02:07 PM - INFO - Server is running on port: 3030
3/29/2022, 2:02:09 PM - INFO - Server is running on port: 3030
3/29/2022, 2:02:16 PM - ERROR - cannot insert board | {}
3/29/2022, 2:02:16 PM - ERROR - Failed to remove board | {}
3/29/2022, 2:03:28 PM - INFO - Server is running on port: 3030
3/29/2022, 2:03:35 PM - ERROR - cannot insert board | {}
3/29/2022, 2:03:35 PM - ERROR - Failed to remove board | {}
3/29/2022, 2:03:59 PM - INFO - Server is running on port: 3030
3/29/2022, 2:04:04 PM - ERROR - cannot insert board | {}
3/29/2022, 2:04:04 PM - ERROR - Failed to remove board | {}
3/29/2022, 2:04:48 PM - INFO - Server is running on port: 3030
3/29/2022, 2:04:49 PM - INFO - Server is running on port: 3030
3/29/2022, 2:07:56 PM - INFO - Server is running on port: 3030
3/29/2022, 2:08:28 PM - INFO - Server is running on port: 3030
3/29/2022, 2:10:39 PM - INFO - Server is running on port: 3030
3/29/2022, 2:26:26 PM - INFO - Server is running on port: 3030
3/29/2022, 2:28:45 PM - INFO - Req!!!
3/29/2022, 2:30:33 PM - INFO - Server is running on port: 3030
3/29/2022, 2:30:42 PM - INFO - Server is running on port: 3030
3/29/2022, 2:36:08 PM - INFO - Server is running on port: 3030
3/29/2022, 2:36:21 PM - INFO - Req!!!
3/29/2022, 2:36:32 PM - INFO - Server is running on port: 3030
3/29/2022, 2:36:34 PM - INFO - Req!!!
3/29/2022, 2:40:24 PM - INFO - Server is running on port: 3030
3/29/2022, 2:41:32 PM - INFO - Server is running on port: 3030
3/29/2022, 2:46:50 PM - INFO - Server is running on port: 3030
3/29/2022, 2:47:01 PM - INFO - Req!!!
3/29/2022, 2:50:27 PM - INFO - Server is running on port: 3030
3/29/2022, 2:50:29 PM - INFO - Req!!!
3/29/2022, 2:51:26 PM - INFO - Server is running on port: 3030
3/29/2022, 2:51:28 PM - INFO - Req!!!
3/29/2022, 2:51:51 PM - INFO - Server is running on port: 3030
3/29/2022, 2:51:55 PM - INFO - Req!!!
3/29/2022, 2:52:22 PM - INFO - Server is running on port: 3030
3/29/2022, 2:52:23 PM - INFO - Req!!!
3/29/2022, 2:53:46 PM - INFO - Server is running on port: 3030
3/29/2022, 2:53:47 PM - INFO - Req!!!
3/29/2022, 3:54:35 PM - INFO - Server is running on port: 3030
3/29/2022, 3:55:40 PM - INFO - Server is running on port: 3030
3/29/2022, 3:57:02 PM - INFO - Req!!!
3/29/2022, 3:57:43 PM - INFO - Server is running on port: 3030
3/29/2022, 3:57:48 PM - INFO - Server is running on port: 3030
3/29/2022, 3:58:29 PM - INFO - Server is running on port: 3030
3/29/2022, 3:58:32 PM - INFO - Req!!!
3/29/2022, 4:33:38 PM - INFO - Req!!!
3/29/2022, 4:33:41 PM - INFO - Req!!!
3/29/2022, 4:33:56 PM - INFO - Server is running on port: 3030
3/29/2022, 4:34:13 PM - INFO - Server is running on port: 3030
3/29/2022, 4:41:49 PM - INFO - Server is running on port: 3030
3/29/2022, 4:45:41 PM - INFO - Server is running on port: 3030
3/29/2022, 4:48:13 PM - INFO - Server is running on port: 3030
3/29/2022, 4:57:23 PM - INFO - Server is running on port: 3030
3/29/2022, 4:58:53 PM - INFO - Server is running on port: 3030
3/29/2022, 5:00:29 PM - INFO - Server is running on port: 3030
3/29/2022, 5:01:06 PM - INFO - Server is running on port: 3030
3/29/2022, 5:01:13 PM - INFO - Req!!!
3/29/2022, 5:01:13 PM - ERROR - cannot find boards | {}
3/29/2022, 5:01:13 PM - ERROR - Failed to get boards | {}
3/29/2022, 5:01:40 PM - INFO - Server is running on port: 3030
3/29/2022, 5:01:46 PM - INFO - Req!!!
3/29/2022, 5:01:46 PM - ERROR - cannot find boards | {}
3/29/2022, 5:01:46 PM - ERROR - Failed to get boards | {}
3/29/2022, 5:03:37 PM - INFO - Server is running on port: 3030
3/29/2022, 5:03:49 PM - INFO - Req!!!
3/29/2022, 5:03:49 PM - ERROR - cannot find boards | {}
3/29/2022, 5:03:49 PM - ERROR - Failed to get boards | {}
3/29/2022, 5:05:12 PM - INFO - Server is running on port: 3030
3/29/2022, 5:06:14 PM - INFO - Server is running on port: 3030
3/29/2022, 5:06:16 PM - INFO - Req!!!
3/29/2022, 5:20:19 PM - INFO - Server is running on port: 3030
3/29/2022, 5:25:55 PM - INFO - Server is running on port: 3030
3/29/2022, 5:26:20 PM - INFO - Server is running on port: 3030
3/29/2022, 5:27:12 PM - INFO - Server is running on port: 3030
3/29/2022, 5:29:33 PM - INFO - Server is running on port: 3030
3/29/2022, 5:40:11 PM - INFO - Req!!!
3/29/2022, 5:40:11 PM - ERROR - Failed to update group | {}
3/29/2022, 5:40:21 PM - INFO - Server is running on port: 3030
3/29/2022, 5:40:23 PM - INFO - Req!!!
3/29/2022, 5:40:24 PM - ERROR - Failed to update group | {}
3/29/2022, 5:42:30 PM - INFO - Server is running on port: 3030
3/29/2022, 5:43:14 PM - INFO - Req!!!
3/29/2022, 5:44:16 PM - INFO - Req!!!
3/29/2022, 5:51:04 PM - INFO - Server is running on port: 3030
3/29/2022, 5:52:26 PM - INFO - Server is running on port: 3030
3/29/2022, 5:54:57 PM - INFO - Req!!!
3/29/2022, 5:56:02 PM - INFO - Server is running on port: 3030
3/29/2022, 5:56:06 PM - INFO - Req!!!
3/29/2022, 5:59:49 PM - INFO - Server is running on port: 3030
3/29/2022, 7:35:12 PM - INFO - Server is running on port: 3030
3/29/2022, 7:35:32 PM - INFO - Server is running on port: 3030
3/30/2022, 12:19:39 AM - INFO - Server is running on port: 3030
3/30/2022, 12:25:51 AM - DEBUG - auth.service - login with username: mama
3/30/2022, 12:25:52 AM - ERROR - Failed to Login Invalid username or password
